<?xml version="1.0" encoding="UTF-8"?>
<!-- Generated by org.testng.reporters.JUnitReportReporter -->
<testsuite hostname="DESKTOP-210LHAF" failures="0" tests="2" name="tests.sample" time="31.701" errors="0" timestamp="2025-06-29T23:15:50 IST" skipped="0">
  <testcase classname="tests.sample" name="testViewCheckingAccountDetails" time="11.407"/>
  <testcase classname="tests.sample" name="testViewCheckingAccountDetails" time="20.294"/>
</testsuite> <!-- tests.sample -->
