<?xml version="1.0" encoding="UTF-8"?>
<!-- Generated by org.testng.reporters.JUnitReportReporter -->
<testsuite hostname="DESKTOP-210LHAF" failures="0" tests="3" name="tests.NavigationTestModule" time="19.479" errors="0" timestamp="2025-07-01T18:41:25 IST" skipped="0">
  <testcase classname="tests.NavigationTestModule" name="NavigationTest" time="6.935"/>
  <testcase classname="tests.NavigationTestModule" name="ActionButtonsVisibility" time="5.555"/>
  <testcase classname="tests.NavigationTestModule" name="FontConsistency" time="6.989"/>
</testsuite> <!-- tests.NavigationTestModule -->
