<?xml version="1.0" encoding="UTF-8"?>
<!-- Generated by org.testng.reporters.JUnitReportReporter -->
<testsuite hostname="DESKTOP-210LHAF" failures="0" tests="5" name="tests.CustomerCareModule" time="38.394" errors="0" timestamp="2025-07-01T18:41:25 IST" skipped="0">
  <testcase classname="tests.CustomerCareModule" name="SupportService" time="7.161"/>
  <testcase classname="tests.CustomerCareModule" name="SupportService" time="6.803"/>
  <testcase classname="tests.CustomerCareModule" name="SupportService" time="8.469"/>
  <testcase classname="tests.CustomerCareModule" name="SupportService" time="8.379"/>
  <testcase classname="tests.CustomerCareModule" name="SupportService" time="7.582"/>
</testsuite> <!-- tests.CustomerCareModule -->
