<?xml version="1.0" encoding="UTF-8"?>
<!-- Generated by org.testng.reporters.JUnitReportReporter -->
<testsuite hostname="DESKTOP-210LHAF" failures="0" tests="5" name="tests.LoginModule" time="33.179" errors="0" timestamp="2025-07-01T18:41:25 IST" skipped="0">
  <testcase classname="tests.LoginModule" name="testPasswordFieldIsMasked" time="5.101"/>
  <testcase classname="tests.LoginModule" name="LoginTest" time="6.325"/>
  <testcase classname="tests.LoginModule" name="LoginTest" time="8.250"/>
  <testcase classname="tests.LoginModule" name="LoginTest" time="7.549"/>
  <testcase classname="tests.LoginModule" name="LoginTest" time="5.954"/>
</testsuite> <!-- tests.LoginModule -->
