<?xml version="1.0" encoding="UTF-8"?>
<!-- Generated by org.testng.reporters.JUnitReportReporter -->
<testsuite hostname="DESKTOP-210LHAF" failures="0" tests="3" name="tests.FindTransactionModule" time="25.233" errors="0" timestamp="2025-07-01T18:41:25 IST" skipped="0">
  <testcase classname="tests.FindTransactionModule" name="FindbyFromandToDate" time="8.355"/>
  <testcase classname="tests.FindTransactionModule" name="FindbyAmount" time="7.611"/>
  <testcase classname="tests.FindTransactionModule" name="FindbyDate" time="9.267"/>
</testsuite> <!-- tests.FindTransactionModule -->
