<?xml version="1.0" encoding="UTF-8"?>
<!-- Generated by org.testng.reporters.JUnitReportReporter -->
<testsuite hostname="DESKTOP-210LHAF" failures="0" tests="2" name="tests.OpenNewAccountModule" time="17.641" errors="0" timestamp="2025-07-01T18:41:25 IST" skipped="0">
  <testcase classname="tests.OpenNewAccountModule" name="AccountDetailsNewAcct" time="9.364"/>
  <testcase classname="tests.OpenNewAccountModule" name="AccountDetailsNewAcct" time="8.277"/>
</testsuite> <!-- tests.OpenNewAccountModule -->
