<?xml version="1.0" encoding="UTF-8"?>
<!-- Generated by org.testng.reporters.JUnitReportReporter -->
<testsuite hostname="DESKTOP-210LHAF" failures="0" tests="4" name="tests.RequestLoanModule" time="36.449" errors="0" timestamp="2025-07-01T18:41:25 IST" skipped="0">
  <testcase classname="tests.RequestLoanModule" name="RequestLoan" time="8.932"/>
  <testcase classname="tests.RequestLoanModule" name="RequestLoan" time="9.200"/>
  <testcase classname="tests.RequestLoanModule" name="RequestLoan" time="8.399"/>
  <testcase classname="tests.RequestLoanModule" name="RequestLoan" time="9.918"/>
</testsuite> <!-- tests.RequestLoanModule -->
